 * Serving Flask app 'app'
 * Debug mode: on
INFO:werkzeug:[31m[1mWARNING: This is a development server. Do not use it in a production deployment. Use a production WSGI server instead.[0m
 * Running on http://127.0.0.1:5000
INFO:werkzeug:[33mPress CTRL+C to quit[0m
INFO:werkzeug: * Restarting with stat
WARNING:werkzeug: * Debugger is active!
INFO:werkzeug: * Debugger PIN: 471-141-490
INFO:werkzeug: * Detected change in '/Users/enzo/Documents/BrozeAXE-AI/archaeological-classifier/acs/savignano/comprehensive_report.py', reloading
INFO:werkzeug: * Restarting with stat
WARNING:werkzeug: * Debugger is active!
INFO:werkzeug: * Debugger PIN: 471-141-490
INFO:werkzeug: * Detected change in '/Users/enzo/Documents/BrozeAXE-AI/archaeological-classifier/acs/savignano/comprehensive_report.py', reloading
INFO:werkzeug: * Restarting with stat
WARNING:werkzeug: * Debugger is active!
INFO:werkzeug: * Debugger PIN: 471-141-490
INFO:werkzeug: * Detected change in '/Users/enzo/Documents/BrozeAXE-AI/archaeological-classifier/acs/savignano/comprehensive_report.py', reloading
INFO:werkzeug: * Restarting with stat
WARNING:werkzeug: * Debugger is active!
INFO:werkzeug: * Debugger PIN: 471-141-490
INFO:werkzeug: * Detected change in '/Users/enzo/Documents/BrozeAXE-AI/archaeological-classifier/acs/savignano/comprehensive_report.py', reloading
INFO:werkzeug: * Restarting with stat
WARNING:werkzeug: * Debugger is active!
INFO:werkzeug: * Debugger PIN: 471-141-490
